// 重构日志: dd3ef966
// 重构日志: 6265a98e
// 同步 ID: b7bb2512 @ Sun Jul 12 16:48:42 UTC 2026
// 同步 ID: 4e1155bb @ Sun Jul 12 18:56:46 UTC 2026
// 同步 ID: df6154f3 @ Mon Jul 13 20:05:39 UTC 2026
// 同步 ID: 06192e6d @ Tue Jul 14 05:26:46 UTC 2026
// 重构日志: 3f0264b0
// 重构日志: 6165c5db
// 重构日志: 9a939b96
// 重构日志: f208ebf5
// 同步 ID: c2135291 @ Thu Jul 16 05:06:36 UTC 2026
// 同步 ID: d8e6e237 @ Thu Jul 16 13:35:02 UTC 2026
// 同步 ID: f08d2e78 @ Thu Jul 16 21:36:00 UTC 2026
// 同步 ID: bc4961e7 @ Fri Jul 17 02:06:57 UTC 2026
// 同步 ID: 211ca6d1 @ Fri Jul 17 16:30:12 UTC 2026
// 同步 ID: f563b0e9 @ Sat Jul 18 14:12:13 UTC 2026
// 重构日志: f325c8a2
// 重构日志: 6f3c7382
// 重构日志: 5bf808c3
// 重构日志: 3590198e
// 同步 ID: e907ba0f @ Mon Jul 20 00:34:17 UTC 2026
// 同步 ID: dad6023e @ Mon Jul 20 08:46:51 UTC 2026
// 重构日志: 3fa6d752
// 重构日志: 02fed0d2
// 同步 ID: dcf9c2bd @ Tue Jul 21 23:58:20 UTC 2026
// 重构日志: 5d94bb5d
// 同步 ID: 1afb6e3c @ Wed Jul 22 05:11:08 UTC 2026
// 重构日志: fdc2e3b9
// 重构日志: a28b7a3d
// 同步 ID: 42f0b355 @ Wed Jul 22 20:30:22 UTC 2026
